TRACE::2024-11-24.13:58:59::SCWPlatform::Trying to open the hw design at /home/training/SEN55-Web-Server-on-Avnet-MiniZed/sen55/Minized-Petalinux/hw/minized_sensor_fusion_wrapper.xsa
TRACE::2024-11-24.13:58:59::SCWPlatform::DSA given /home/training/SEN55-Web-Server-on-Avnet-MiniZed/sen55/Minized-Petalinux/hw/minized_sensor_fusion_wrapper.xsa
TRACE::2024-11-24.13:58:59::SCWPlatform::DSA absoulate path /home/training/SEN55-Web-Server-on-Avnet-MiniZed/sen55/Minized-Petalinux/hw/minized_sensor_fusion_wrapper.xsa
TRACE::2024-11-24.13:58:59::SCWPlatform::DSA directory /home/training/SEN55-Web-Server-on-Avnet-MiniZed/sen55/Minized-Petalinux/hw
TRACE::2024-11-24.13:58:59::SCWPlatform:: Platform Path /home/training/SEN55-Web-Server-on-Avnet-MiniZed/sen55/Minized-Petalinux/hw/minized_sensor_fusion_wrapper.xsa
TRACE::2024-11-24.13:58:59::SCWPlatform:: Unique name xilinx:minized::0.0
TRACE::2024-11-24.13:58:59::SCWPlatform::Do not have an existing db opened. 
TRACE::2024-11-24.13:59:02::SCWPlatform::Opened new HwDB with name minized_sensor_fusion_wrapper_0
TRACE::2024-11-24.13:59:02::SCWWriter::formatted JSON is {
	"platformName":	"Minized-Petalinux",
	"sprVersion":	"2.0",
	"mode":	"gui",
	"dsaType":	"Fixed",
	"platformDesc":	"Minized-Petalinux",
	"platHandOff":	"/home/training/AvnetTTC/PetaLinux/2021_1/minized_sensor_fusion_wrapper.xsa",
	"platIntHandOff":	"<platformDir>/hw/minized_sensor_fusion_wrapper.xsa",
	"deviceType":	"zynq",
	"platIsPrebuiltAutogen":	"false",
	"platIsNoBootBsp":	"true",
	"hasFsblMakeHasChanges":	"false",
	"hasPmufwMakeHasChanges":	"false",
	"platPreBuiltFlag":	false,
	"platformSamplesDir":	""
}
TRACE::2024-11-24.13:59:02::SCWWriter::formatted JSON is {
	"platformName":	"Minized-Petalinux",
	"sprVersion":	"2.0",
	"mode":	"gui",
	"dsaType":	"Fixed",
	"platformDesc":	"Minized-Petalinux",
	"platHandOff":	"/home/training/AvnetTTC/PetaLinux/2021_1/minized_sensor_fusion_wrapper.xsa",
	"platIntHandOff":	"<platformDir>/hw/minized_sensor_fusion_wrapper.xsa",
	"deviceType":	"zynq",
	"platIsPrebuiltAutogen":	"false",
	"platIsNoBootBsp":	"true",
	"hasFsblMakeHasChanges":	"false",
	"hasPmufwMakeHasChanges":	"false",
	"platPreBuiltFlag":	false,
	"platformSamplesDir":	"",
	"platActiveSys":	"Minized-Petalinux",
	"systems":	[{
			"systemName":	"Minized-Petalinux",
			"systemDesc":	"Minized-Petalinux",
			"sysIsBootAutoGen":	"true",
			"systemDispName":	"Minized-Petalinux"
		}]
}
TRACE::2024-11-24.13:59:02::SCWPlatform::Trying to open the hw design at /home/training/SEN55-Web-Server-on-Avnet-MiniZed/sen55/Minized-Petalinux/hw/minized_sensor_fusion_wrapper.xsa
TRACE::2024-11-24.13:59:02::SCWPlatform::DSA given /home/training/SEN55-Web-Server-on-Avnet-MiniZed/sen55/Minized-Petalinux/hw/minized_sensor_fusion_wrapper.xsa
TRACE::2024-11-24.13:59:02::SCWPlatform::DSA absoulate path /home/training/SEN55-Web-Server-on-Avnet-MiniZed/sen55/Minized-Petalinux/hw/minized_sensor_fusion_wrapper.xsa
TRACE::2024-11-24.13:59:02::SCWPlatform::DSA directory /home/training/SEN55-Web-Server-on-Avnet-MiniZed/sen55/Minized-Petalinux/hw
TRACE::2024-11-24.13:59:02::SCWPlatform:: Platform Path /home/training/SEN55-Web-Server-on-Avnet-MiniZed/sen55/Minized-Petalinux/hw/minized_sensor_fusion_wrapper.xsa
TRACE::2024-11-24.13:59:02::SCWPlatform:: Unique name xilinx:minized::0.0
TRACE::2024-11-24.13:59:02::SCWPlatform::Trying to set the existing hwdb with name minized_sensor_fusion_wrapper_0
TRACE::2024-11-24.13:59:02::SCWPlatform::Opened existing hwdb minized_sensor_fusion_wrapper_0
TRACE::2024-11-24.13:59:02::SCWPlatform::Found the Hw Db part of the input DSA
TRACE::2024-11-24.13:59:02::SCWPlatform::Trying to open the hw design at /home/training/SEN55-Web-Server-on-Avnet-MiniZed/sen55/Minized-Petalinux/hw/minized_sensor_fusion_wrapper.xsa
TRACE::2024-11-24.13:59:02::SCWPlatform::DSA given /home/training/SEN55-Web-Server-on-Avnet-MiniZed/sen55/Minized-Petalinux/hw/minized_sensor_fusion_wrapper.xsa
TRACE::2024-11-24.13:59:02::SCWPlatform::DSA absoulate path /home/training/SEN55-Web-Server-on-Avnet-MiniZed/sen55/Minized-Petalinux/hw/minized_sensor_fusion_wrapper.xsa
TRACE::2024-11-24.13:59:02::SCWPlatform::DSA directory /home/training/SEN55-Web-Server-on-Avnet-MiniZed/sen55/Minized-Petalinux/hw
TRACE::2024-11-24.13:59:02::SCWPlatform:: Platform Path /home/training/SEN55-Web-Server-on-Avnet-MiniZed/sen55/Minized-Petalinux/hw/minized_sensor_fusion_wrapper.xsa
TRACE::2024-11-24.13:59:02::SCWPlatform:: Unique name xilinx:minized::0.0
TRACE::2024-11-24.13:59:02::SCWPlatform::Trying to set the existing hwdb with name minized_sensor_fusion_wrapper_0
TRACE::2024-11-24.13:59:02::SCWPlatform::Opened existing hwdb minized_sensor_fusion_wrapper_0
TRACE::2024-11-24.13:59:02::SCWPlatform::Found the Hw Db part of the input DSA
TRACE::2024-11-24.13:59:02::SCWDomain::checking for install qemu data   : 
TRACE::2024-11-24.13:59:02::SCWDomain:: Using the QEMU Data from install at  : /tools/Xilinx/Vitis/2021.1/data/emulation/platforms/zynq/sw/a9_linux/qemu/
TRACE::2024-11-24.13:59:02::SCWDomain:: Using the QEMU args  from install at  : /tools/Xilinx/Vitis/2021.1/data/emulation/platforms/zynq/sw/a9_linux/qemu/qemu_args.txt
TRACE::2024-11-24.13:59:02::SCWPlatform::Trying to open the hw design at /home/training/SEN55-Web-Server-on-Avnet-MiniZed/sen55/Minized-Petalinux/hw/minized_sensor_fusion_wrapper.xsa
TRACE::2024-11-24.13:59:02::SCWPlatform::DSA given /home/training/SEN55-Web-Server-on-Avnet-MiniZed/sen55/Minized-Petalinux/hw/minized_sensor_fusion_wrapper.xsa
TRACE::2024-11-24.13:59:02::SCWPlatform::DSA absoulate path /home/training/SEN55-Web-Server-on-Avnet-MiniZed/sen55/Minized-Petalinux/hw/minized_sensor_fusion_wrapper.xsa
TRACE::2024-11-24.13:59:02::SCWPlatform::DSA directory /home/training/SEN55-Web-Server-on-Avnet-MiniZed/sen55/Minized-Petalinux/hw
TRACE::2024-11-24.13:59:02::SCWPlatform:: Platform Path /home/training/SEN55-Web-Server-on-Avnet-MiniZed/sen55/Minized-Petalinux/hw/minized_sensor_fusion_wrapper.xsa
TRACE::2024-11-24.13:59:02::SCWPlatform:: Unique name xilinx:minized::0.0
TRACE::2024-11-24.13:59:02::SCWPlatform::Trying to set the existing hwdb with name minized_sensor_fusion_wrapper_0
TRACE::2024-11-24.13:59:02::SCWPlatform::Opened existing hwdb minized_sensor_fusion_wrapper_0
TRACE::2024-11-24.13:59:02::SCWPlatform::Found the Hw Db part of the input DSA
TRACE::2024-11-24.13:59:02::SCWWriter::formatted JSON is {
	"platformName":	"Minized-Petalinux",
	"sprVersion":	"2.0",
	"mode":	"gui",
	"dsaType":	"Fixed",
	"platformDesc":	"Minized-Petalinux",
	"platHandOff":	"/home/training/AvnetTTC/PetaLinux/2021_1/minized_sensor_fusion_wrapper.xsa",
	"platIntHandOff":	"<platformDir>/hw/minized_sensor_fusion_wrapper.xsa",
	"deviceType":	"zynq",
	"platIsPrebuiltAutogen":	"false",
	"platIsNoBootBsp":	"true",
	"hasFsblMakeHasChanges":	"false",
	"hasPmufwMakeHasChanges":	"false",
	"platPreBuiltFlag":	false,
	"platformSamplesDir":	"",
	"platActiveSys":	"Minized-Petalinux",
	"systems":	[{
			"systemName":	"Minized-Petalinux",
			"systemDesc":	"Minized-Petalinux",
			"sysIsBootAutoGen":	"true",
			"systemDispName":	"Minized-Petalinux",
			"sysActiveDom":	"linux_domain",
			"sysDefaultDom":	"linux_domain",
			"domains":	[{
					"domainName":	"linux_domain",
					"domainDispName":	"linux_domain",
					"domainDesc":	"linux_domain",
					"processors":	"ps7_cortexa9",
					"os":	"linux",
					"sdxOs":	"linux",
					"qemuArgs":	"/tools/Xilinx/Vitis/2021.1/data/emulation/platforms/zynq/sw/a9_linux/qemu/qemu_args.txt",
					"qemuData":	"/tools/Xilinx/Vitis/2021.1/data/emulation/platforms/zynq/sw/a9_linux/qemu/",
					"debugEnable":	"False",
					"domRuntimes":	["cpp"],
					"isLinuxConfigured":	"true",
					"isBuildFlow":	"false",
					"sysBootDir":	"",
					"isMicroBlaze":	"false",
					"bootmode":	"sd",
					"prebuiltLibs":	{
						"prebuiltIncPath":	[],
						"prebuiltLibPath":	[]
					},
					"isolation":	{
					}
				}]
		}]
}
TRACE::2024-11-24.13:59:02::SCWWriter::formatted JSON is {
	"platformName":	"Minized-Petalinux",
	"sprVersion":	"2.0",
	"mode":	"gui",
	"dsaType":	"Fixed",
	"platformDesc":	"Minized-Petalinux",
	"platHandOff":	"/home/training/AvnetTTC/PetaLinux/2021_1/minized_sensor_fusion_wrapper.xsa",
	"platIntHandOff":	"<platformDir>/hw/minized_sensor_fusion_wrapper.xsa",
	"deviceType":	"zynq",
	"platIsPrebuiltAutogen":	"false",
	"platIsNoBootBsp":	"true",
	"hasFsblMakeHasChanges":	"false",
	"hasPmufwMakeHasChanges":	"false",
	"platPreBuiltFlag":	false,
	"platformSamplesDir":	"",
	"platActiveSys":	"Minized-Petalinux",
	"systems":	[{
			"systemName":	"Minized-Petalinux",
			"systemDesc":	"Minized-Petalinux",
			"sysIsBootAutoGen":	"true",
			"systemDispName":	"Minized-Petalinux",
			"sysActiveDom":	"linux_domain",
			"sysDefaultDom":	"linux_domain",
			"domains":	[{
					"domainName":	"linux_domain",
					"domainDispName":	"linux on ps7_cortexa9",
					"domainDesc":	"linux_domain",
					"processors":	"ps7_cortexa9",
					"os":	"linux",
					"sdxOs":	"linux",
					"qemuArgs":	"/tools/Xilinx/Vitis/2021.1/data/emulation/platforms/zynq/sw/a9_linux/qemu/qemu_args.txt",
					"qemuData":	"/tools/Xilinx/Vitis/2021.1/data/emulation/platforms/zynq/sw/a9_linux/qemu/",
					"debugEnable":	"False",
					"domRuntimes":	["cpp"],
					"isLinuxConfigured":	"true",
					"isBuildFlow":	"false",
					"sysBootDir":	"",
					"isMicroBlaze":	"false",
					"bootmode":	"sd",
					"prebuiltLibs":	{
						"prebuiltIncPath":	[],
						"prebuiltLibPath":	[]
					},
					"isolation":	{
					}
				}]
		}]
}
TRACE::2024-11-24.13:59:02::SCWWriter::formatted JSON is {
	"platformName":	"Minized-Petalinux",
	"sprVersion":	"2.0",
	"mode":	"gui",
	"dsaType":	"Fixed",
	"platformDesc":	"Minized-Petalinux",
	"platHandOff":	"/home/training/AvnetTTC/PetaLinux/2021_1/minized_sensor_fusion_wrapper.xsa",
	"platIntHandOff":	"<platformDir>/hw/minized_sensor_fusion_wrapper.xsa",
	"deviceType":	"zynq",
	"platIsPrebuiltAutogen":	"false",
	"platIsNoBootBsp":	"true",
	"hasFsblMakeHasChanges":	"false",
	"hasPmufwMakeHasChanges":	"false",
	"platPreBuiltFlag":	false,
	"platformSamplesDir":	"",
	"platActiveSys":	"Minized-Petalinux",
	"systems":	[{
			"systemName":	"Minized-Petalinux",
			"systemDesc":	"Minized-Petalinux",
			"sysIsBootAutoGen":	"false",
			"systemDispName":	"Minized-Petalinux",
			"sysActiveDom":	"linux_domain",
			"sysDefaultDom":	"linux_domain",
			"domains":	[{
					"domainName":	"linux_domain",
					"domainDispName":	"linux on ps7_cortexa9",
					"domainDesc":	"linux_domain",
					"processors":	"ps7_cortexa9",
					"os":	"linux",
					"sdxOs":	"linux",
					"qemuArgs":	"/tools/Xilinx/Vitis/2021.1/data/emulation/platforms/zynq/sw/a9_linux/qemu/qemu_args.txt",
					"qemuData":	"/tools/Xilinx/Vitis/2021.1/data/emulation/platforms/zynq/sw/a9_linux/qemu/",
					"debugEnable":	"False",
					"domRuntimes":	["cpp"],
					"isLinuxConfigured":	"true",
					"isBuildFlow":	"false",
					"sysBootDir":	"",
					"isMicroBlaze":	"false",
					"bootmode":	"sd",
					"prebuiltLibs":	{
						"prebuiltIncPath":	[],
						"prebuiltLibPath":	[]
					},
					"isolation":	{
					}
				}]
		}]
}
TRACE::2024-11-24.13:59:02::SCWWriter::formatted JSON is {
	"platformName":	"Minized-Petalinux",
	"sprVersion":	"2.0",
	"mode":	"gui",
	"dsaType":	"Fixed",
	"platformDesc":	"Minized-Petalinux",
	"platHandOff":	"/home/training/AvnetTTC/PetaLinux/2021_1/minized_sensor_fusion_wrapper.xsa",
	"platIntHandOff":	"<platformDir>/hw/minized_sensor_fusion_wrapper.xsa",
	"deviceType":	"zynq",
	"platIsPrebuiltAutogen":	"false",
	"platIsNoBootBsp":	"true",
	"hasFsblMakeHasChanges":	"false",
	"hasPmufwMakeHasChanges":	"false",
	"platPreBuiltFlag":	false,
	"platformSamplesDir":	"",
	"platActiveSys":	"Minized-Petalinux",
	"systems":	[{
			"systemName":	"Minized-Petalinux",
			"systemDesc":	"Minized-Petalinux",
			"sysIsBootAutoGen":	"false",
			"systemDispName":	"Minized-Petalinux",
			"sysActiveDom":	"linux_domain",
			"sysDefaultDom":	"linux_domain",
			"domains":	[{
					"domainName":	"linux_domain",
					"domainDispName":	"linux on ps7_cortexa9",
					"domainDesc":	"linux_domain",
					"processors":	"ps7_cortexa9",
					"os":	"linux",
					"sdxOs":	"linux",
					"qemuArgs":	"/tools/Xilinx/Vitis/2021.1/data/emulation/platforms/zynq/sw/a9_linux/qemu/qemu_args.txt",
					"qemuData":	"/tools/Xilinx/Vitis/2021.1/data/emulation/platforms/zynq/sw/a9_linux/qemu/",
					"debugEnable":	"False",
					"domRuntimes":	["cpp"],
					"isLinuxConfigured":	"true",
					"isBuildFlow":	"false",
					"sysBootDir":	"",
					"isMicroBlaze":	"false",
					"bootmode":	"sd",
					"prebuiltLibs":	{
						"prebuiltIncPath":	[],
						"prebuiltLibPath":	[]
					},
					"isolation":	{
					}
				}]
		}]
}
TRACE::2024-11-24.13:59:03::SCWPlatform::Clearing the existing platform
TRACE::2024-11-24.13:59:03::SCWSystem::Clearing the existing sysconfig
TRACE::2024-11-24.13:59:03::SCWSystem::Clearing the domains completed.
TRACE::2024-11-24.13:59:03::SCWPlatform::Clearing the opened hw db.
TRACE::2024-11-24.13:59:03::SCWPlatform::DSA given /home/training/SEN55-Web-Server-on-Avnet-MiniZed/sen55/Minized-Petalinux/hw/minized_sensor_fusion_wrapper.xsa
TRACE::2024-11-24.13:59:03::SCWPlatform::DSA absoulate path /home/training/SEN55-Web-Server-on-Avnet-MiniZed/sen55/Minized-Petalinux/hw/minized_sensor_fusion_wrapper.xsa
TRACE::2024-11-24.13:59:03::SCWPlatform:: Platform location is /home/training/SEN55-Web-Server-on-Avnet-MiniZed/sen55/Minized-Petalinux/hw
TRACE::2024-11-24.13:59:03::SCWPlatform:: Platform Path /home/training/SEN55-Web-Server-on-Avnet-MiniZed/sen55/Minized-Petalinux/hw/minized_sensor_fusion_wrapper.xsa
TRACE::2024-11-24.13:59:03::SCWPlatform:: Unique name xilinx:minized::0.0
TRACE::2024-11-24.13:59:03::SCWPlatform::Removing the HwDB with name /home/training/SEN55-Web-Server-on-Avnet-MiniZed/sen55/Minized-Petalinux/hw/minized_sensor_fusion_wrapper.xsa
TRACE::2024-11-24.13:59:03::SCWPlatform::Trying to open the hw design at /home/training/SEN55-Web-Server-on-Avnet-MiniZed/sen55/Minized-Petalinux/hw/minized_sensor_fusion_wrapper.xsa
TRACE::2024-11-24.13:59:03::SCWPlatform::DSA given /home/training/SEN55-Web-Server-on-Avnet-MiniZed/sen55/Minized-Petalinux/hw/minized_sensor_fusion_wrapper.xsa
TRACE::2024-11-24.13:59:03::SCWPlatform::DSA absoulate path /home/training/SEN55-Web-Server-on-Avnet-MiniZed/sen55/Minized-Petalinux/hw/minized_sensor_fusion_wrapper.xsa
TRACE::2024-11-24.13:59:03::SCWPlatform::DSA directory /home/training/SEN55-Web-Server-on-Avnet-MiniZed/sen55/Minized-Petalinux/hw
TRACE::2024-11-24.13:59:03::SCWPlatform:: Platform Path /home/training/SEN55-Web-Server-on-Avnet-MiniZed/sen55/Minized-Petalinux/hw/minized_sensor_fusion_wrapper.xsa
TRACE::2024-11-24.13:59:03::SCWPlatform:: Unique name xilinx:minized::0.0
TRACE::2024-11-24.13:59:03::SCWPlatform::Do not have an existing db opened. 
TRACE::2024-11-24.13:59:05::SCWPlatform::Opened new HwDB with name minized_sensor_fusion_wrapper_1
TRACE::2024-11-24.13:59:05::SCWReader::Active system found as  Minized-Petalinux
TRACE::2024-11-24.13:59:05::SCWReader::Handling sysconfig Minized-Petalinux
TRACE::2024-11-24.13:59:05::SCWDomain::checking for install qemu data   : 
TRACE::2024-11-24.13:59:05::SCWDomain:: Using the QEMU Data from install at  : /tools/Xilinx/Vitis/2021.1/data/emulation/platforms/zynq/sw/a9_linux/qemu/
TRACE::2024-11-24.13:59:05::SCWDomain:: Using the QEMU args  from install at  : /tools/Xilinx/Vitis/2021.1/data/emulation/platforms/zynq/sw/a9_linux/qemu/qemu_args.txt
TRACE::2024-11-24.13:59:05::SCWPlatform::Trying to open the hw design at /home/training/SEN55-Web-Server-on-Avnet-MiniZed/sen55/Minized-Petalinux/hw/minized_sensor_fusion_wrapper.xsa
TRACE::2024-11-24.13:59:05::SCWPlatform::DSA given /home/training/SEN55-Web-Server-on-Avnet-MiniZed/sen55/Minized-Petalinux/hw/minized_sensor_fusion_wrapper.xsa
TRACE::2024-11-24.13:59:05::SCWPlatform::DSA absoulate path /home/training/SEN55-Web-Server-on-Avnet-MiniZed/sen55/Minized-Petalinux/hw/minized_sensor_fusion_wrapper.xsa
TRACE::2024-11-24.13:59:05::SCWPlatform::DSA directory /home/training/SEN55-Web-Server-on-Avnet-MiniZed/sen55/Minized-Petalinux/hw
TRACE::2024-11-24.13:59:05::SCWPlatform:: Platform Path /home/training/SEN55-Web-Server-on-Avnet-MiniZed/sen55/Minized-Petalinux/hw/minized_sensor_fusion_wrapper.xsa
TRACE::2024-11-24.13:59:05::SCWPlatform:: Unique name xilinx:minized::0.0
TRACE::2024-11-24.13:59:05::SCWPlatform::Trying to set the existing hwdb with name minized_sensor_fusion_wrapper_1
TRACE::2024-11-24.13:59:05::SCWPlatform::Opened existing hwdb minized_sensor_fusion_wrapper_1
TRACE::2024-11-24.13:59:05::SCWPlatform::Found the Hw Db part of the input DSA
TRACE::2024-11-24.13:59:05::SCWReader::Adding prebuilt librarypaths as   
TRACE::2024-11-24.13:59:05::SCWReader::Adding prebuilt incpaths  as   
TRACE::2024-11-24.13:59:05::SCWReader::No isolation master present  
TRACE::2024-11-24.13:59:18::SCWWriter::formatted JSON is {
	"platformName":	"Minized-Petalinux",
	"sprVersion":	"2.0",
	"mode":	"gui",
	"dsaType":	"Fixed",
	"platformDesc":	"Minized-Petalinux",
	"platHandOff":	"/home/training/AvnetTTC/PetaLinux/2021_1/minized_sensor_fusion_wrapper.xsa",
	"platIntHandOff":	"<platformDir>/hw/minized_sensor_fusion_wrapper.xsa",
	"deviceType":	"zynq",
	"platIsPrebuiltAutogen":	"false",
	"platIsNoBootBsp":	"true",
	"hasFsblMakeHasChanges":	"false",
	"hasPmufwMakeHasChanges":	"false",
	"platPreBuiltFlag":	false,
	"platformSamplesDir":	"",
	"platActiveSys":	"Minized-Petalinux",
	"systems":	[{
			"systemName":	"Minized-Petalinux",
			"systemDesc":	"Minized-Petalinux",
			"sysIsBootAutoGen":	"false",
			"systemDispName":	"Minized-Petalinux",
			"sysActiveDom":	"linux_domain",
			"sysDefaultDom":	"linux_domain",
			"domains":	[{
					"domainName":	"linux_domain",
					"domainDispName":	"linux on ps7_cortexa9",
					"domainDesc":	"linux_domain",
					"processors":	"ps7_cortexa9",
					"os":	"linux",
					"sdxOs":	"linux",
					"qemuArgs":	"/tools/Xilinx/Vitis/2021.1/data/emulation/platforms/zynq/sw/a9_linux/qemu/qemu_args.txt",
					"qemuData":	"/tools/Xilinx/Vitis/2021.1/data/emulation/platforms/zynq/sw/a9_linux/qemu/",
					"debugEnable":	"False",
					"domRuntimes":	["cpp"],
					"isLinuxConfigured":	"true",
					"isBuildFlow":	"false",
					"sysBootDir":	"",
					"isMicroBlaze":	"false",
					"bootmode":	"qspi",
					"prebuiltLibs":	{
						"prebuiltIncPath":	[],
						"prebuiltLibPath":	[]
					},
					"isolation":	{
					}
				}]
		}]
}
LOG::2024-11-24.13:59:31::SCWPlatform::Started generating the artifacts platform Minized-Petalinux
TRACE::2024-11-24.13:59:31::SCWPlatform::Sanity checking of platform is completed
LOG::2024-11-24.13:59:31::SCWPlatform::Started generating the artifacts for system configuration Minized-Petalinux
LOG::2024-11-24.13:59:31::SCWSystem::Checking the domain linux_domain
LOG::2024-11-24.13:59:31::SCWSystem::Not a boot domain 
LOG::2024-11-24.13:59:31::SCWSystem::Started Processing the domain linux_domain
TRACE::2024-11-24.13:59:31::SCWDomain::Generating domain artifcats
LOG::2024-11-24.13:59:31::SCWSystem::Completed Processing the domain linux_domain
LOG::2024-11-24.13:59:31::SCWSystem::Completed Processing the sysconfig Minized-Petalinux
LOG::2024-11-24.13:59:31::SCWPlatform::Completed generating the artifacts for system configuration Minized-Petalinux
TRACE::2024-11-24.13:59:31::SCWPlatform::Started preparing the platform 
TRACE::2024-11-24.13:59:31::SCWSystem::Writing the bif file for system config Minized-Petalinux
TRACE::2024-11-24.13:59:31::SCWSystem::dir created 
TRACE::2024-11-24.13:59:31::SCWSystem::Writing the bif 
TRACE::2024-11-24.13:59:31::SCWPlatform::Started writing the spfm file 
TRACE::2024-11-24.13:59:31::SCWPlatform::Started writing the xpfm file 
TRACE::2024-11-24.13:59:31::SCWPlatform::Completed generating the platform
TRACE::2024-11-24.13:59:31::SCWWriter::formatted JSON is {
	"platformName":	"Minized-Petalinux",
	"sprVersion":	"2.0",
	"mode":	"gui",
	"dsaType":	"Fixed",
	"platformDesc":	"Minized-Petalinux",
	"platHandOff":	"/home/training/AvnetTTC/PetaLinux/2021_1/minized_sensor_fusion_wrapper.xsa",
	"platIntHandOff":	"<platformDir>/hw/minized_sensor_fusion_wrapper.xsa",
	"deviceType":	"zynq",
	"platIsPrebuiltAutogen":	"false",
	"platIsNoBootBsp":	"true",
	"hasFsblMakeHasChanges":	"false",
	"hasPmufwMakeHasChanges":	"false",
	"platPreBuiltFlag":	false,
	"platformSamplesDir":	"",
	"platActiveSys":	"Minized-Petalinux",
	"systems":	[{
			"systemName":	"Minized-Petalinux",
			"systemDesc":	"Minized-Petalinux",
			"sysIsBootAutoGen":	"false",
			"systemDispName":	"Minized-Petalinux",
			"sysActiveDom":	"linux_domain",
			"sysDefaultDom":	"linux_domain",
			"domains":	[{
					"domainName":	"linux_domain",
					"domainDispName":	"linux on ps7_cortexa9",
					"domainDesc":	"linux_domain",
					"processors":	"ps7_cortexa9",
					"os":	"linux",
					"sdxOs":	"linux",
					"qemuArgs":	"/tools/Xilinx/Vitis/2021.1/data/emulation/platforms/zynq/sw/a9_linux/qemu/qemu_args.txt",
					"qemuData":	"/tools/Xilinx/Vitis/2021.1/data/emulation/platforms/zynq/sw/a9_linux/qemu/",
					"debugEnable":	"False",
					"domRuntimes":	["cpp"],
					"isLinuxConfigured":	"true",
					"isBuildFlow":	"false",
					"sysBootDir":	"",
					"isMicroBlaze":	"false",
					"bootmode":	"qspi",
					"prebuiltLibs":	{
						"prebuiltIncPath":	[],
						"prebuiltLibPath":	[]
					},
					"isolation":	{
					}
				}]
		}]
}
KEYINFO::2024-11-24.13:59:31::SCWPlatform::updated the xpfm file.
TRACE::2024-11-24.14:56:09::SCWPlatform::Trying to open the hw design at /home/training/SEN55-Web-Server-on-Avnet-MiniZed/sen55/Minized-Petalinux/hw/minized_sensor_fusion_wrapper.xsa
TRACE::2024-11-24.14:56:09::SCWPlatform::DSA given /home/training/SEN55-Web-Server-on-Avnet-MiniZed/sen55/Minized-Petalinux/hw/minized_sensor_fusion_wrapper.xsa
TRACE::2024-11-24.14:56:09::SCWPlatform::DSA absoulate path /home/training/SEN55-Web-Server-on-Avnet-MiniZed/sen55/Minized-Petalinux/hw/minized_sensor_fusion_wrapper.xsa
TRACE::2024-11-24.14:56:09::SCWPlatform::DSA directory /home/training/SEN55-Web-Server-on-Avnet-MiniZed/sen55/Minized-Petalinux/hw
TRACE::2024-11-24.14:56:09::SCWPlatform:: Platform Path /home/training/SEN55-Web-Server-on-Avnet-MiniZed/sen55/Minized-Petalinux/hw/minized_sensor_fusion_wrapper.xsa
TRACE::2024-11-24.14:56:09::SCWPlatform:: Unique name xilinx:minized::0.0
TRACE::2024-11-24.14:56:09::SCWPlatform::Do not have an existing db opened. 
TRACE::2024-11-24.14:56:12::SCWPlatform::Opened new HwDB with name minized_sensor_fusion_wrapper
TRACE::2024-11-24.14:56:12::SCWReader::Active system found as  Minized-Petalinux
TRACE::2024-11-24.14:56:12::SCWReader::Handling sysconfig Minized-Petalinux
TRACE::2024-11-24.14:56:12::SCWDomain::checking for install qemu data   : 
TRACE::2024-11-24.14:56:12::SCWDomain:: Using the QEMU Data from install at  : /tools/Xilinx/Vitis/2021.1/data/emulation/platforms/zynq/sw/a9_linux/qemu/
TRACE::2024-11-24.14:56:12::SCWDomain:: Using the QEMU args  from install at  : /tools/Xilinx/Vitis/2021.1/data/emulation/platforms/zynq/sw/a9_linux/qemu/qemu_args.txt
TRACE::2024-11-24.14:56:12::SCWPlatform::Trying to open the hw design at /home/training/SEN55-Web-Server-on-Avnet-MiniZed/sen55/Minized-Petalinux/hw/minized_sensor_fusion_wrapper.xsa
TRACE::2024-11-24.14:56:12::SCWPlatform::DSA given /home/training/SEN55-Web-Server-on-Avnet-MiniZed/sen55/Minized-Petalinux/hw/minized_sensor_fusion_wrapper.xsa
TRACE::2024-11-24.14:56:12::SCWPlatform::DSA absoulate path /home/training/SEN55-Web-Server-on-Avnet-MiniZed/sen55/Minized-Petalinux/hw/minized_sensor_fusion_wrapper.xsa
TRACE::2024-11-24.14:56:12::SCWPlatform::DSA directory /home/training/SEN55-Web-Server-on-Avnet-MiniZed/sen55/Minized-Petalinux/hw
TRACE::2024-11-24.14:56:12::SCWPlatform:: Platform Path /home/training/SEN55-Web-Server-on-Avnet-MiniZed/sen55/Minized-Petalinux/hw/minized_sensor_fusion_wrapper.xsa
TRACE::2024-11-24.14:56:12::SCWPlatform:: Unique name xilinx:minized::0.0
TRACE::2024-11-24.14:56:12::SCWPlatform::Trying to set the existing hwdb with name minized_sensor_fusion_wrapper
TRACE::2024-11-24.14:56:12::SCWPlatform::Opened existing hwdb minized_sensor_fusion_wrapper
TRACE::2024-11-24.14:56:12::SCWPlatform::Found the Hw Db part of the input DSA
TRACE::2024-11-24.14:56:12::SCWReader::Adding prebuilt librarypaths as   
TRACE::2024-11-24.14:56:12::SCWReader::Adding prebuilt incpaths  as   
TRACE::2024-11-24.14:56:12::SCWReader::No isolation master present  
TRACE::2024-11-24.14:58:11::SCWPlatform::Clearing the existing platform
TRACE::2024-11-24.14:58:11::SCWSystem::Clearing the existing sysconfig
TRACE::2024-11-24.14:58:11::SCWSystem::Clearing the domains completed.
TRACE::2024-11-24.14:58:11::SCWPlatform::Clearing the opened hw db.
TRACE::2024-11-24.14:58:11::SCWPlatform::DSA given /home/training/SEN55-Web-Server-on-Avnet-MiniZed/sen55/Minized-Petalinux/hw/minized_sensor_fusion_wrapper.xsa
TRACE::2024-11-24.14:58:11::SCWPlatform::DSA absoulate path /home/training/SEN55-Web-Server-on-Avnet-MiniZed/sen55/Minized-Petalinux/hw/minized_sensor_fusion_wrapper.xsa
TRACE::2024-11-24.14:58:11::SCWPlatform:: Platform location is /home/training/SEN55-Web-Server-on-Avnet-MiniZed/sen55/Minized-Petalinux/hw
TRACE::2024-11-24.14:58:11::SCWPlatform:: Platform Path /home/training/SEN55-Web-Server-on-Avnet-MiniZed/sen55/Minized-Petalinux/hw/minized_sensor_fusion_wrapper.xsa
TRACE::2024-11-24.14:58:11::SCWPlatform:: Unique name xilinx:minized::0.0
TRACE::2024-11-24.14:58:11::SCWPlatform::Removing the HwDB with name /home/training/SEN55-Web-Server-on-Avnet-MiniZed/sen55/Minized-Petalinux/hw/minized_sensor_fusion_wrapper.xsa
TRACE::2024-11-24.14:58:11::SCWPlatform::Trying to open the hw design at /home/training/SEN55-Web-Server-on-Avnet-MiniZed/sen55/Minized-Petalinux/hw/minized_sensor_fusion_wrapper.xsa
TRACE::2024-11-24.14:58:11::SCWPlatform::DSA given /home/training/SEN55-Web-Server-on-Avnet-MiniZed/sen55/Minized-Petalinux/hw/minized_sensor_fusion_wrapper.xsa
TRACE::2024-11-24.14:58:11::SCWPlatform::DSA absoulate path /home/training/SEN55-Web-Server-on-Avnet-MiniZed/sen55/Minized-Petalinux/hw/minized_sensor_fusion_wrapper.xsa
TRACE::2024-11-24.14:58:11::SCWPlatform::DSA directory /home/training/SEN55-Web-Server-on-Avnet-MiniZed/sen55/Minized-Petalinux/hw
TRACE::2024-11-24.14:58:11::SCWPlatform:: Platform Path /home/training/SEN55-Web-Server-on-Avnet-MiniZed/sen55/Minized-Petalinux/hw/minized_sensor_fusion_wrapper.xsa
TRACE::2024-11-24.14:58:11::SCWPlatform:: Unique name xilinx:minized::0.0
TRACE::2024-11-24.14:58:11::SCWPlatform::Do not have an existing db opened. 
TRACE::2024-11-24.14:58:14::SCWPlatform::Opened new HwDB with name minized_sensor_fusion_wrapper_0
TRACE::2024-11-24.14:58:14::SCWReader::Active system found as  Minized-Petalinux
TRACE::2024-11-24.14:58:14::SCWReader::Handling sysconfig Minized-Petalinux
TRACE::2024-11-24.14:58:14::SCWDomain::checking for install qemu data   : 
TRACE::2024-11-24.14:58:14::SCWDomain:: Using the QEMU Data from install at  : /tools/Xilinx/Vitis/2021.1/data/emulation/platforms/zynq/sw/a9_linux/qemu/
TRACE::2024-11-24.14:58:14::SCWDomain:: Using the QEMU args  from install at  : /tools/Xilinx/Vitis/2021.1/data/emulation/platforms/zynq/sw/a9_linux/qemu/qemu_args.txt
TRACE::2024-11-24.14:58:14::SCWPlatform::Trying to open the hw design at /home/training/SEN55-Web-Server-on-Avnet-MiniZed/sen55/Minized-Petalinux/hw/minized_sensor_fusion_wrapper.xsa
TRACE::2024-11-24.14:58:14::SCWPlatform::DSA given /home/training/SEN55-Web-Server-on-Avnet-MiniZed/sen55/Minized-Petalinux/hw/minized_sensor_fusion_wrapper.xsa
TRACE::2024-11-24.14:58:14::SCWPlatform::DSA absoulate path /home/training/SEN55-Web-Server-on-Avnet-MiniZed/sen55/Minized-Petalinux/hw/minized_sensor_fusion_wrapper.xsa
TRACE::2024-11-24.14:58:14::SCWPlatform::DSA directory /home/training/SEN55-Web-Server-on-Avnet-MiniZed/sen55/Minized-Petalinux/hw
TRACE::2024-11-24.14:58:14::SCWPlatform:: Platform Path /home/training/SEN55-Web-Server-on-Avnet-MiniZed/sen55/Minized-Petalinux/hw/minized_sensor_fusion_wrapper.xsa
TRACE::2024-11-24.14:58:14::SCWPlatform:: Unique name xilinx:minized::0.0
TRACE::2024-11-24.14:58:14::SCWPlatform::Trying to set the existing hwdb with name minized_sensor_fusion_wrapper_0
TRACE::2024-11-24.14:58:14::SCWPlatform::Opened existing hwdb minized_sensor_fusion_wrapper_0
TRACE::2024-11-24.14:58:14::SCWPlatform::Found the Hw Db part of the input DSA
TRACE::2024-11-24.14:58:14::SCWReader::Adding prebuilt librarypaths as   
TRACE::2024-11-24.14:58:14::SCWReader::Adding prebuilt incpaths  as   
TRACE::2024-11-24.14:58:14::SCWReader::No isolation master present  
